<?xml version="1.0" encoding="UTF-8"?>
<testng-results ignored="0" total="1" passed="1" failed="0" skipped="0">
  <reporter-output>
  </reporter-output>
  <suite started-at="2024-02-26T19:10:13 IST" name="Default suite" finished-at="2024-02-26T19:10:13 IST" duration-ms="81">
    <groups>
    </groups>
    <test started-at="2024-02-26T19:10:13 IST" name="Default test" finished-at="2024-02-26T19:10:13 IST" duration-ms="81">
      <class name="gitdemo2.GitTestWithBranch">
        <test-method signature="f()[pri:0, instance:gitdemo2.GitTestWithBranch@6da21078]" started-at="2024-02-26T19:10:13 IST" name="f" finished-at="2024-02-26T19:10:13 IST" duration-ms="13" status="PASS">
          <reporter-output>
          </reporter-output>
        </test-method> <!-- f -->
      </class> <!-- gitdemo2.GitTestWithBranch -->
    </test> <!-- Default test -->
  </suite> <!-- Default suite -->
</testng-results>
